** Drc report for arcane.kicad_pcb **
** Created on 2026-05-03T20:33:34 **
** Report includes: Errors, Warnings **

** Found 71 DRC violations **
[starved_thermal]: Thermal relief connection to zone incomplete (layer F.Cu; zone min spoke count 2; actual 1)
    Local override; error
    @(71.6900 mm, 72.1100 mm): Zone [GND] on F.Cu and B.Cu, priority 0
    @(86.0650 mm, 83.2500 mm): Pad 2 [GND] of C9 on F.Cu
[starved_thermal]: Thermal relief connection to zone incomplete (layer F.Cu; zone min spoke count 2; actual 1)
    Local override; error
    @(71.6900 mm, 72.1100 mm): Zone [GND] on F.Cu and B.Cu, priority 0
    @(86.0650 mm, 82.0500 mm): Pad 2 [GND] of C7 on F.Cu
[starved_thermal]: Thermal relief connection to zone incomplete (layer F.Cu; zone min spoke count 2; actual 1)
    Local override; error
    @(71.6900 mm, 72.1100 mm): Zone [GND] on F.Cu and B.Cu, priority 0
    @(81.4900 mm, 74.2500 mm): PTH pad 4 [GND] of J4
[starved_thermal]: Thermal relief connection to zone incomplete (layer F.Cu; zone min spoke count 2; actual 1)
    Local override; error
    @(71.6900 mm, 72.1100 mm): Zone [GND] on F.Cu and B.Cu, priority 0
    @(85.3900 mm, 92.2175 mm): Pad 2 [GND] of U1 on F.Cu
[starved_thermal]: Thermal relief connection to zone incomplete (layer F.Cu; zone min spoke count 2; actual 1)
    Local override; error
    @(71.6900 mm, 72.1100 mm): Zone [GND] on F.Cu and B.Cu, priority 0
    @(82.2200 mm, 91.7525 mm): Pad 2 [GND] of C8 on F.Cu
[starved_thermal]: Thermal relief connection to zone incomplete (layer F.Cu; zone min spoke count 2; actual 1)
    Local override; error
    @(71.6900 mm, 72.1100 mm): Zone [GND] on F.Cu and B.Cu, priority 0
    @(93.4300 mm, 96.4050 mm): Pad A1 [GND] of J1 on F.Cu
[starved_thermal]: Thermal relief connection to zone incomplete (layer F.Cu; zone min spoke count 2; actual 1)
    Local override; error
    @(71.6900 mm, 72.1100 mm): Zone [GND] on F.Cu and B.Cu, priority 0
    @(99.9300 mm, 96.4050 mm): Pad A12 [GND] of J1 on F.Cu
[starved_thermal]: Thermal relief connection to zone incomplete (layer F.Cu; zone min spoke count 2; actual 1)
    Local override; error
    @(71.6900 mm, 72.1100 mm): Zone [GND] on F.Cu and B.Cu, priority 0
    @(99.9300 mm, 96.4050 mm): Pad B1 [GND] of J1 on F.Cu
[starved_thermal]: Thermal relief connection to zone incomplete (layer F.Cu; zone min spoke count 2; actual 1)
    Local override; error
    @(71.6900 mm, 72.1100 mm): Zone [GND] on F.Cu and B.Cu, priority 0
    @(93.4300 mm, 96.4050 mm): Pad B12 [GND] of J1 on F.Cu
[lib_footprint_issues]: The current configuration does not include the footprint library 'STM32'
    Local override; warning
    @(92.8700 mm, 84.5250 mm): Footprint U3
[silk_overlap]: Silkscreen clearance
    Rule: board setup constraints silk; warning
    @(82.9800 mm, 101.3700 mm): Reference field of U2
    @(83.7500 mm, 101.5000 mm): Reference field of R4
[silk_overlap]: Silkscreen clearance
    Rule: board setup constraints silk; warning
    @(82.9800 mm, 101.3700 mm): Reference field of U2
    @(82.8425 mm, 101.2453 mm): Segment of R4 on F.Silkscreen
[silk_overlap]: Silkscreen clearance
    Rule: board setup constraints silk; warning
    @(83.7500 mm, 101.5000 mm): Reference field of R4
    @(83.8200 mm, 102.2800 mm): Segment of U2 on F.Silkscreen
[silk_overlap]: Silkscreen clearance
    Rule: board setup constraints silk; warning
    @(83.7500 mm, 101.5000 mm): Reference field of R4
    @(83.8700 mm, 102.2800 mm): Segment of U2 on F.Silkscreen
[silk_overlap]: Silkscreen clearance
    Rule: board setup constraints silk; warning
    @(85.0600 mm, 95.8500 mm): Reference field of C1
    @(85.4250 mm, 97.0400 mm): Reference field of D2
[silk_overlap]: Silkscreen clearance
    Rule: board setup constraints silk; warning
    @(84.1600 mm, 98.2100 mm): Circle of D2 on F.Silkscreen
    @(83.8400 mm, 97.3700 mm): Reference field of R3
[silk_overlap]: Silkscreen clearance
    Rule: board setup constraints silk; warning
    @(83.3900 mm, 95.8300 mm): Reference field of C2
    @(83.8400 mm, 97.3700 mm): Reference field of R3
[silk_overlap]: Silkscreen clearance
    Rule: board setup constraints silk; warning
    @(76.5400 mm, 95.7000 mm): Reference field of SW2
    @(78.9800 mm, 96.2700 mm): Segment of SW3 on F.Silkscreen
[silk_overlap]: Silkscreen clearance
    Rule: board setup constraints silk; warning
    @(87.0000 mm, 96.1400 mm): Reference field of D1
    @(87.0000 mm, 95.9963 mm): Segment of C1 on F.Silkscreen
[silk_overlap]: Silkscreen clearance
    Rule: board setup constraints silk; warning
    @(99.1400 mm, 84.2800 mm): Reference field of C13
    @(98.9600 mm, 91.5600 mm): Segment of J2 on F.Silkscreen
[silk_overlap]: Silkscreen clearance
    Rule: board setup constraints silk; warning
    @(90.6200 mm, 81.0810 mm): Segment of U3 on F.Silkscreen
    @(90.5200 mm, 81.1350 mm): Reference field of R5
[silk_overlap]: Silkscreen clearance
    Rule: board setup constraints silk; warning
    @(99.4000 mm, 75.4880 mm): Reference field of TP2
    @(97.3500 mm, 75.4880 mm): Reference field of TP1
[silk_overlap]: Silkscreen clearance
    Rule: board setup constraints silk; warning
    @(89.0100 mm, 99.0900 mm): Reference field of C3
    @(88.0000 mm, 98.5000 mm): Segment of D1 on F.Silkscreen
[silk_overlap]: Silkscreen clearance
    Rule: board setup constraints silk; warning
    @(97.3300 mm, 92.7000 mm): Reference field of R1
    @(97.0275 mm, 92.4453 mm): Segment of R2 on F.Silkscreen
[silk_overlap]: Silkscreen clearance
    Rule: board setup constraints silk; warning
    @(92.1500 mm, 74.7000 mm): Segment of TP3 on F.Silkscreen
    @(92.1500 mm, 74.0000 mm): Reference field of TP4
[silk_overlap]: Silkscreen clearance
    Rule: board setup constraints silk; warning
    @(92.1500 mm, 73.3000 mm): Segment of TP3 on F.Silkscreen
    @(92.1500 mm, 74.0000 mm): Reference field of TP4
[silk_overlap]: Silkscreen clearance
    Rule: board setup constraints silk; warning
    @(86.7483 mm, 83.6100 mm): Segment of C9 on F.Silkscreen
    @(86.6325 mm, 83.2100 mm): Reference field of C7
[silk_overlap]: Silkscreen clearance
    Rule: board setup constraints silk; warning
    @(86.6325 mm, 84.4100 mm): Reference field of C9
    @(87.6000 mm, 85.8500 mm): Reference field of C11
[silk_overlap]: Silkscreen clearance
    Rule: board setup constraints silk; warning
    @(90.7500 mm, 73.3000 mm): Segment of TP3 on F.Silkscreen
    @(92.1500 mm, 74.0000 mm): Reference field of TP4
[silk_overlap]: Silkscreen clearance
    Rule: board setup constraints silk; warning
    @(72.4900 mm, 75.6300 mm): Segment of J4 on F.Silkscreen
    @(73.0900 mm, 74.1300 mm): Reference field of J4
[silk_overlap]: Silkscreen clearance
    Rule: board setup constraints silk; warning
    @(82.9900 mm, 91.0800 mm): Reference field of U1
    @(83.6500 mm, 90.8900 mm): Reference field of C8
[silk_overlap]: Silkscreen clearance
    Rule: board setup constraints silk; warning
    @(83.6500 mm, 90.8900 mm): Reference field of C8
    @(83.8300 mm, 91.9900 mm): Segment of U1 on F.Silkscreen
[silk_overlap]: Silkscreen clearance
    Rule: board setup constraints silk; warning
    @(83.8300 mm, 90.1700 mm): Segment of U1 on F.Silkscreen
    @(83.6500 mm, 90.8900 mm): Reference field of C8
[silk_overlap]: Silkscreen clearance
    Rule: board setup constraints silk; warning
    @(82.7300 mm, 90.7437 mm): Segment of C8 on F.Silkscreen
    @(82.9900 mm, 91.0800 mm): Reference field of U1
[silk_overlap]: Silkscreen clearance
    Rule: board setup constraints silk; warning
    @(85.0600 mm, 95.8500 mm): Reference field of C1
    @(85.3300 mm, 95.9763 mm): Segment of C2 on F.Silkscreen
[silk_overlap]: Silkscreen clearance
    Rule: board setup constraints silk; warning
    @(88.9575 mm, 101.0700 mm): Reference field of C4
    @(88.8637 mm, 101.0300 mm): Segment of C3 on F.Silkscreen
[silk_over_copper]: Silkscreen clipped by solder mask
    Local override; warning
    @(82.9800 mm, 101.3700 mm): Reference field of U2
    @(82.3200 mm, 102.4125 mm): Pad 2 [Net-(U2-STAT)] of R4 on F.Cu
[silk_over_copper]: Silkscreen clipped by solder mask
    Local override; warning
    @(82.9800 mm, 101.3700 mm): Reference field of U2
    @(82.3200 mm, 100.5875 mm): Pad 1 [Net-(D2-K)] of R4 on F.Cu
[silk_over_copper]: Silkscreen clipped by solder mask
    Local override; warning
    @(83.7500 mm, 101.5000 mm): Reference field of R4
    @(84.4300 mm, 102.5075 mm): Pad 1 [Net-(U2-STAT)] of U2 on F.Cu
[silk_over_copper]: Silkscreen clipped by solder mask
    Local override; warning
    @(83.7500 mm, 101.5000 mm): Reference field of R4
    @(84.4300 mm, 100.2325 mm): Pad 5 [Net-(U2-PROG)] of U2 on F.Cu
[silk_over_copper]: Silkscreen clipped by solder mask
    Local override; warning
    @(85.0600 mm, 95.8500 mm): Reference field of C1
    @(84.8200 mm, 96.6925 mm): Pad 1 [VBUS] of C2 on F.Cu
[silk_over_copper]: Silkscreen clipped by solder mask
    Local override; warning
    @(83.8400 mm, 97.3700 mm): Reference field of R3
    @(84.8200 mm, 96.6925 mm): Pad 1 [VBUS] of C2 on F.Cu
[silk_over_copper]: Silkscreen clipped by solder mask
    Local override; warning
    @(85.4250 mm, 97.0400 mm): Reference field of D2
    @(84.8200 mm, 96.6925 mm): Pad 1 [VBUS] of C2 on F.Cu
[silk_over_copper]: Silkscreen clipped by solder mask
    Local override; warning
    @(83.3900 mm, 95.8300 mm): Reference field of C2
    @(82.4100 mm, 96.4575 mm): Pad 1 [GND] of R3 on F.Cu
[silk_over_copper]: Silkscreen clipped by solder mask
    Local override; warning
    @(100.3400 mm, 95.2100 mm): Reference field of J2
    @(99.9300 mm, 96.4050 mm): Pad A12 [GND] of J1 on F.Cu
[silk_over_copper]: Silkscreen clipped by solder mask
    Local override; warning
    @(100.3400 mm, 95.2100 mm): Reference field of J2
    @(99.9300 mm, 96.4050 mm): Pad B1 [GND] of J1 on F.Cu
[silk_over_copper]: Silkscreen clipped by solder mask
    Local override; warning
    @(98.9800 mm, 92.7000 mm): Reference field of R2
    @(100.3400 mm, 92.8300 mm): PTH pad 1 [GND] of J2
[silk_over_copper]: Silkscreen clipped by solder mask
    Local override; warning
    @(85.4250 mm, 97.0400 mm): Reference field of D2
    @(86.4900 mm, 96.7125 mm): Pad 1 [VBUS] of C1 on F.Cu
[silk_over_copper]: Silkscreen clipped by solder mask
    Local override; warning
    @(89.3250 mm, 86.6975 mm): Reference field of C10
    @(89.9900 mm, 87.4500 mm): Pad 10 [/CS] of U3 on F.Cu
[silk_over_copper]: Silkscreen clipped by solder mask
    Local override; warning
    @(89.3250 mm, 86.6975 mm): Reference field of C10
    @(89.9900 mm, 86.8000 mm): Pad 9 [/UART RX] of U3 on F.Cu
[silk_over_copper]: Silkscreen clipped by solder mask
    Local override; warning
    @(89.3250 mm, 86.6975 mm): Reference field of C10
    @(89.9900 mm, 86.1500 mm): Pad 8 [/UART TX] of U3 on F.Cu
[silk_over_copper]: Silkscreen clipped by solder mask
    Local override; warning
    @(89.3250 mm, 86.6975 mm): Reference field of C10
    @(89.9900 mm, 85.5000 mm): Pad 7 [/DC] of U3 on F.Cu
[silk_over_copper]: Silkscreen clipped by solder mask
    Local override; warning
    @(97.3300 mm, 92.7000 mm): Reference field of R1
    @(97.5500 mm, 91.7875 mm): Pad 1 [GND] of R2 on F.Cu
[silk_over_copper]: Silkscreen clipped by solder mask
    Local override; warning
    @(97.3300 mm, 92.7000 mm): Reference field of R1
    @(97.5500 mm, 93.6125 mm): Pad 2 [Net-(J1-CC2)] of R2 on F.Cu
[silk_over_copper]: Silkscreen clipped by solder mask
    Local override; warning
    @(99.1400 mm, 84.2800 mm): Reference field of C13
    @(100.3400 mm, 82.6700 mm): PTH pad 5 [/RST] of J2
[silk_over_copper]: Silkscreen clipped by solder mask
    Local override; warning
    @(99.1400 mm, 84.2800 mm): Reference field of C13
    @(100.3400 mm, 85.2100 mm): PTH pad 4 [/DIN] of J2
[silk_over_copper]: Silkscreen clipped by solder mask
    Local override; warning
    @(90.5200 mm, 81.1350 mm): Reference field of R5
    @(89.9900 mm, 81.6000 mm): Pad 1 [Net-(U3-BOOT0)] of U3 on F.Cu
[silk_over_copper]: Silkscreen clipped by solder mask
    Local override; warning
    @(92.1500 mm, 74.0000 mm): Reference field of TP4
    @(91.4500 mm, 74.0000 mm): Pad 1 [Net-(U3-NRST)] of TP3 on F.Cu
[silk_over_copper]: Silkscreen clipped by solder mask
    Local override; warning
    @(86.6325 mm, 83.2100 mm): Reference field of C7
    @(87.2000 mm, 83.2500 mm): Pad 1 [/XOUT] of C9 on F.Cu
[silk_over_copper]: Silkscreen clipped by solder mask
    Local override; warning
    @(86.6325 mm, 84.4100 mm): Reference field of C9
    @(86.1700 mm, 84.9875 mm): Pad 1 [Net-(U3-NRST)] of C11 on F.Cu
[silk_over_copper]: Silkscreen clipped by solder mask
    Local override; warning
    @(86.6325 mm, 83.2100 mm): Reference field of C7
    @(86.0650 mm, 83.2500 mm): Pad 2 [GND] of C9 on F.Cu
[silk_over_copper]: Silkscreen clipped by solder mask
    Local override; warning
    @(87.6000 mm, 85.8500 mm): Reference field of C11
    @(88.0500 mm, 85.8875 mm): Pad 1 [+3.3V] of C10 on F.Cu
[silk_over_copper]: Silkscreen clipped by solder mask
    Local override; warning
    @(87.6000 mm, 85.8500 mm): Reference field of C11
    @(88.0500 mm, 87.6125 mm): Pad 2 [GND] of C10 on F.Cu
[silk_over_copper]: Silkscreen clipped by solder mask
    Local override; warning
    @(73.0900 mm, 74.1300 mm): Reference field of J4
    @(73.8700 mm, 74.2500 mm): PTH pad 1 [+3.3V] of J4
[silk_over_copper]: Silkscreen clipped by solder mask
    Local override; warning
    @(83.6500 mm, 90.8900 mm): Reference field of C8
    @(84.4400 mm, 89.9425 mm): Pad 5 [+3.3V] of U1 on F.Cu
[silk_over_copper]: Silkscreen clipped by solder mask
    Local override; warning
    @(82.9900 mm, 91.0800 mm): Reference field of U1
    @(82.2200 mm, 91.7525 mm): Pad 2 [GND] of C8 on F.Cu
[silk_over_copper]: Silkscreen clipped by solder mask
    Local override; warning
    @(82.9900 mm, 91.0800 mm): Reference field of U1
    @(82.2200 mm, 90.0275 mm): Pad 1 [+3.3V] of C8 on F.Cu
[silk_over_copper]: Silkscreen clipped by solder mask
    Local override; warning
    @(87.0000 mm, 96.1400 mm): Reference field of D1
    @(86.4900 mm, 96.7125 mm): Pad 1 [VBUS] of C1 on F.Cu
[silk_over_copper]: Silkscreen clipped by solder mask
    Local override; warning
    @(85.0600 mm, 95.8500 mm): Reference field of C1
    @(84.8200 mm, 94.9675 mm): Pad 2 [GND] of C2 on F.Cu
[silk_over_copper]: Silkscreen clipped by solder mask
    Local override; warning
    @(88.9575 mm, 101.0700 mm): Reference field of C4
    @(88.1475 mm, 100.5200 mm): Pad 1 [VBUS] of C3 on F.Cu
[silk_over_copper]: Silkscreen clipped by solder mask
    Local override; warning
    @(88.9575 mm, 101.0700 mm): Reference field of C4
    @(89.8725 mm, 100.5200 mm): Pad 2 [GND] of C3 on F.Cu

** Found 0 unconnected pads **

** Found 0 Footprint errors **

** Ignored checks **
    - Footprint has no courtyard defined
    - Track endpoint not centered on via
    - Tuning profile track geometries
    - Footprint doesn't match symbol's footprint filters
    - Footprint component type doesn't match footprint pads

** End of Report **
